<?xml version="1.0" encoding="UTF-8"?>
<testng-results ignored="0" total="1" passed="1" failed="0" skipped="0">
  <reporter-output>
  </reporter-output>
  <suite started-at="2019-08-31T19:06:56Z" name="Default suite" finished-at="2019-08-31T19:08:08Z" duration-ms="71788">
    <groups>
    </groups>
    <test started-at="2019-08-31T19:06:56Z" name="Default test" finished-at="2019-08-31T19:08:08Z" duration-ms="71788">
      <class name="tests.Test8">
        <test-method is-config="true" signature="setup()[pri:0, instance:tests.Test8@6156496]" started-at="2019-08-31T19:06:56Z" name="setup" finished-at="2019-08-31T19:07:14Z" duration-ms="17353" status="PASS">
          <reporter-output>
          </reporter-output>
        </test-method> <!-- setup -->
        <test-method signature="test8()[pri:0, instance:tests.Test8@6156496]" started-at="2019-08-31T19:07:14Z" name="test8" finished-at="2019-08-31T19:08:08Z" duration-ms="54325" status="PASS">
          <reporter-output>
          </reporter-output>
        </test-method> <!-- test8 -->
      </class> <!-- tests.Test8 -->
    </test> <!-- Default test -->
  </suite> <!-- Default suite -->
</testng-results>
