<?xml version="1.0" encoding="UTF-8"?>
<testng-results ignored="0" total="1" passed="1" failed="0" skipped="0">
  <reporter-output>
  </reporter-output>
  <suite started-at="2019-08-30T18:00:14Z" name="Default suite" finished-at="2019-08-30T18:02:37Z" duration-ms="142883">
    <groups>
    </groups>
    <test started-at="2019-08-30T18:00:14Z" name="Default test" finished-at="2019-08-30T18:02:37Z" duration-ms="142883">
      <class name="tests.Test1">
        <test-method is-config="true" signature="setup()[pri:0, instance:tests.Test1@6156496]" started-at="2019-08-30T18:00:14Z" name="setup" finished-at="2019-08-30T18:00:28Z" duration-ms="14156" status="PASS">
          <reporter-output>
          </reporter-output>
        </test-method> <!-- setup -->
        <test-method signature="test1()[pri:0, instance:tests.Test1@6156496]" started-at="2019-08-30T18:00:28Z" name="test1" finished-at="2019-08-30T18:02:37Z" duration-ms="128633" status="PASS">
          <reporter-output>
          </reporter-output>
        </test-method> <!-- test1 -->
      </class> <!-- tests.Test1 -->
    </test> <!-- Default test -->
  </suite> <!-- Default suite -->
</testng-results>
